Arguments: 
  C:\Program Files\nodejs\node.exe C:\Program Files (x86)\Yarn\bin\yarn.js add @layerzerolabs/solidity-examples

PATH: 
  C:\Windows\system32;C:\Windows;C:\Windows\System32\Wbem;C:\Windows\System32\WindowsPowerShell\v1.0\;C:\Windows\System32\OpenSSH\;C:\Program Files (x86)\NVIDIA Corporation\PhysX\Common;C:\Program Files\NVIDIA Corporation\NVIDIA NvDLISR;C:\Program Files\nodejs\;C:\Program Files (x86)\Yarn\bin\;C:\Program Files\Git\cmd;C:\Program Files\Git\mingw64\bin;C:\Program Files\Git\usr\bin;C:\Users\Administrator\AppData\Local\Microsoft\WindowsApps;C:\Users\Administrator\AppData\Roaming\npm;C:\Users\Administrator\AppData\Local\Yarn\bin;C:\Users\Administrator\AppData\Local\Programs\Microsoft VS Code\bin

Yarn version: 
  1.22.5

Node version: 
  16.20.0

Platform: 
  win32 x64

Trace: 
  Error: connect ETIMEDOUT 104.16.29.34:443
      at TCPConnectWrap.afterConnect [as oncomplete] (node:net:1278:16)

npm manifest: 
  {
    "name": "smtc-contracts",
    "version": "1.0.0",
    "description": "",
    "main": "index.js",
    "scripts": {
      "test": "npx hardhat test",
      "c": "npx hardhat compile",
      "f": "npx hardhat flatten ./contracts/SmartToken.sol > ./flattened/SmartToken.sol && npx hardhat flatten ./contracts/SmartTokenCash.sol > ./flattened/SmartTokenCash.sol && npx hardhat flatten ./contracts/GoldenTreePool.sol > ./flattened/GoldenTreePool.sol && npx hardhat flatten ./contracts/SmartAchievement.sol > ./flattened/SmartAchievement.sol && npx hardhat flatten ./contracts/SmartArmy.sol > ./flattened/SmartArmy.sol && npx hardhat flatten ./contracts/SmartComp.sol > ./flattened/SmartComp.sol && npx hardhat flatten ./contracts/SmartFarm.sol > ./flattened/SmartFarm.sol && npx hardhat flatten ./contracts/SmartLadder.sol > ./flattened/SmartLadder.sol && npx hardhat flatten ./contracts/SMTBridge.sol > ./flattened/SMTBridge.sol",
      "deploy_kovan": "npx hardhat deploy --network kovan --reset",
      "deploy_ropsten": "npx hardhat deploy --network ropsten --reset",
      "deploy_rinkeby": "npx hardhat deploy --network rinkeby --reset",
      "deploy_eth_mainnet": "npx hardhat deploy --network eth_mainnet",
      "deploy_bsc_mainnet": "npx hardhat deploy --network bsc_mainnet",
      "deploy_bsc_testnet": "npx hardhat deploy --network bsc_testnet --reset",
      "deploy_local": "npx hardhat deploy --network localhost --reset",
      "run_node": "npx hardhat node"
    },
    "author": "",
    "license": "ISC",
    "devDependencies": {
      "@nomiclabs/hardhat-ethers": "^2.0.5",
      "@nomiclabs/hardhat-etherscan": "^2.1.8",
      "@nomiclabs/hardhat-waffle": "^2.0.2",
      "@openzeppelin/contracts": "^4.2.0",
      "@openzeppelin/contracts-upgradeable": "^4.2.0",
      "@openzeppelin/hardhat-upgrades": "^1.14.0",
      "bn.js": "^5.2.0",
      "chai": "^4.3.6",
      "colors": "^1.4.0",
      "ethereum-waffle": "^2.2.0",
      "ethers": "^5.5.4",
      "hardhat": "^2.6.2",
      "hardhat-deploy": "^0.7.5",
      "hardhat-ethers": "^1.0.1",
      "ts-node": "^10.5.0",
      "typescript": "^4.5.5",
      "web3": "^4.1.2"
    },
    "dependencies": {
      "@layerzerolabs/lz-sdk": "^0.0.45",
      "@layerzerolabs/solidity-examples": "^1.0.0",
      "forge-std": "^1.1.2"
    }
  }

yarn manifest: 
  No manifest

Lockfile: 
  No lockfile
